JukeApp_Client/app/build/intermediates/manifest_merge_blame_file/debug/manifest-merger-blame-debug-report.txt
1<?xml version="1.0" encoding="utf-8"?>
2<manifest xmlns:android="http://schemas.android.com/apk/res/android"
3    package="com.example.jukeapp"
4    android:versionCode="1"
5    android:versionName="1.0" >
6
7    <uses-sdk
8        android:minSdkVersion="21"
8-->src\main\AndroidManifest.xml
9        android:targetSdkVersion="33" />
9-->src\main\AndroidManifest.xml
10
11    <uses-permission android:name="android.permission.INTERNET" />
11-->src\main\AndroidManifest.xml:4:5-66
11-->src\main\AndroidManifest.xml:4:22-64
12    <uses-permission android:name="android.permission.CAMERA" /> <!-- Don't require camera, as this requires a rear camera. This allows it to work on the Nexus 7 -->
12-->[com.journeyapps:zxing-android-embedded:4.3.0] AndroidManifest.xml:22:5-65
12-->[com.journeyapps:zxing-android-embedded:4.3.0] AndroidManifest.xml:22:22-62
13    <uses-feature
13-->[com.journeyapps:zxing-android-embedded:4.3.0] AndroidManifest.xml:25:5-27:36
14        android:name="android.hardware.camera"
14-->[com.journeyapps:zxing-android-embedded:4.3.0] AndroidManifest.xml:26:9-47
15        android:required="false" />
15-->[com.journeyapps:zxing-android-embedded:4.3.0] AndroidManifest.xml:27:9-33
16    <uses-feature
16-->[com.journeyapps:zxing-android-embedded:4.3.0] AndroidManifest.xml:28:5-30:36
17        android:name="android.hardware.camera.front"
17-->[com.journeyapps:zxing-android-embedded:4.3.0] AndroidManifest.xml:29:9-53
18        android:required="false" /> <!-- TODO replace above two with next line after Android 4.2 -->
18-->[com.journeyapps:zxing-android-embedded:4.3.0] AndroidManifest.xml:30:9-33
19    <!-- <uses-feature android:name="android.hardware.camera.any"/> -->
20    <uses-feature
20-->[com.journeyapps:zxing-android-embedded:4.3.0] AndroidManifest.xml:33:5-35:36
21        android:name="android.hardware.camera.autofocus"
21-->[com.journeyapps:zxing-android-embedded:4.3.0] AndroidManifest.xml:34:9-57
22        android:required="false" />
22-->[com.journeyapps:zxing-android-embedded:4.3.0] AndroidManifest.xml:35:9-33
23    <uses-feature
23-->[com.journeyapps:zxing-android-embedded:4.3.0] AndroidManifest.xml:36:5-38:36
24        android:name="android.hardware.camera.flash"
24-->[com.journeyapps:zxing-android-embedded:4.3.0] AndroidManifest.xml:37:9-53
25        android:required="false" />
25-->[com.journeyapps:zxing-android-embedded:4.3.0] AndroidManifest.xml:38:9-33
26    <uses-feature
26-->[com.journeyapps:zxing-android-embedded:4.3.0] AndroidManifest.xml:39:5-41:36
27        android:name="android.hardware.screen.landscape"
27-->[com.journeyapps:zxing-android-embedded:4.3.0] AndroidManifest.xml:40:9-57
28        android:required="false" />
28-->[com.journeyapps:zxing-android-embedded:4.3.0] AndroidManifest.xml:41:9-33
29    <uses-feature
29-->[com.journeyapps:zxing-android-embedded:4.3.0] AndroidManifest.xml:42:5-44:36
30        android:name="android.hardware.wifi"
30-->[com.journeyapps:zxing-android-embedded:4.3.0] AndroidManifest.xml:43:9-45
31        android:required="false" />
31-->[com.journeyapps:zxing-android-embedded:4.3.0] AndroidManifest.xml:44:9-33
32
33    <permission
33-->[androidx.core:core:1.9.0] AndroidManifest.xml:22:5-24:47
34        android:name="com.example.jukeapp.DYNAMIC_RECEIVER_NOT_EXPORTED_PERMISSION"
34-->[androidx.core:core:1.9.0] AndroidManifest.xml:23:9-81
35        android:protectionLevel="signature" />
35-->[androidx.core:core:1.9.0] AndroidManifest.xml:24:9-44
36
37    <uses-permission android:name="com.example.jukeapp.DYNAMIC_RECEIVER_NOT_EXPORTED_PERMISSION" /> <!-- Permission will be merged into the manifest of the hosting app. -->
37-->[androidx.core:core:1.9.0] AndroidManifest.xml:26:5-97
37-->[androidx.core:core:1.9.0] AndroidManifest.xml:26:22-94
38    <!-- Is required to launch foreground extraction service for targetSdkVersion 28+. -->
39    <uses-permission android:name="android.permission.FOREGROUND_SERVICE" />
39-->[com.google.android.play:core:1.10.3] AndroidManifest.xml:13:5-77
39-->[com.google.android.play:core:1.10.3] AndroidManifest.xml:13:22-74
40
41    <application
41-->src\main\AndroidManifest.xml:5:5-24:19
42        android:allowBackup="true"
42-->src\main\AndroidManifest.xml:6:9-35
43        android:appComponentFactory="androidx.core.app.CoreComponentFactory"
43-->[androidx.core:core:1.9.0] AndroidManifest.xml:28:18-86
44        android:dataExtractionRules="@xml/data_extraction_rules"
44-->src\main\AndroidManifest.xml:7:9-65
45        android:debuggable="true"
46        android:fullBackupContent="@xml/backup_rules"
46-->src\main\AndroidManifest.xml:8:9-54
47        android:icon="@drawable/icon"
47-->src\main\AndroidManifest.xml:9:9-38
48        android:label="@string/app_name"
48-->src\main\AndroidManifest.xml:10:9-41
49        android:supportsRtl="true"
49-->src\main\AndroidManifest.xml:11:9-35
50        android:testOnly="true"
51        android:theme="@style/Theme.JukeApp"
51-->src\main\AndroidManifest.xml:13:9-45
52        android:usesCleartextTraffic="true" >
52-->src\main\AndroidManifest.xml:12:9-44
53        <activity
53-->src\main\AndroidManifest.xml:15:9-23:20
54            android:name="com.example.jukeapp.MainActivity"
54-->src\main\AndroidManifest.xml:16:13-41
55            android:exported="true"
55-->src\main\AndroidManifest.xml:17:13-36
56            android:screenOrientation="portrait" >
56-->src\main\AndroidManifest.xml:18:13-49
57            <intent-filter>
57-->src\main\AndroidManifest.xml:19:13-22:29
58                <action android:name="android.intent.action.MAIN" />
58-->src\main\AndroidManifest.xml:20:17-69
58-->src\main\AndroidManifest.xml:20:25-66
59
60                <category android:name="android.intent.category.LAUNCHER" />
60-->src\main\AndroidManifest.xml:21:17-77
60-->src\main\AndroidManifest.xml:21:27-74
61            </intent-filter>
62        </activity>
63        <activity
63-->[com.journeyapps:zxing-android-embedded:4.3.0] AndroidManifest.xml:47:9-53:63
64            android:name="com.journeyapps.barcodescanner.CaptureActivity"
64-->[com.journeyapps:zxing-android-embedded:4.3.0] AndroidManifest.xml:48:13-74
65            android:clearTaskOnLaunch="true"
65-->[com.journeyapps:zxing-android-embedded:4.3.0] AndroidManifest.xml:49:13-45
66            android:screenOrientation="sensorLandscape"
66-->[com.journeyapps:zxing-android-embedded:4.3.0] AndroidManifest.xml:50:13-56
67            android:stateNotNeeded="true"
67-->[com.journeyapps:zxing-android-embedded:4.3.0] AndroidManifest.xml:51:13-42
68            android:theme="@style/zxing_CaptureTheme"
68-->[com.journeyapps:zxing-android-embedded:4.3.0] AndroidManifest.xml:52:13-54
69            android:windowSoftInputMode="stateAlwaysHidden" />
69-->[com.journeyapps:zxing-android-embedded:4.3.0] AndroidManifest.xml:53:13-60
70
71        <provider
71-->[com.squareup.picasso:picasso:2.71828] AndroidManifest.xml:8:9-11:40
72            android:name="com.squareup.picasso.PicassoProvider"
72-->[com.squareup.picasso:picasso:2.71828] AndroidManifest.xml:9:13-64
73            android:authorities="com.example.jukeapp.com.squareup.picasso"
73-->[com.squareup.picasso:picasso:2.71828] AndroidManifest.xml:10:13-72
74            android:exported="false" />
74-->[com.squareup.picasso:picasso:2.71828] AndroidManifest.xml:11:13-37
75
76        <activity
76-->[com.spotify.android:auth:1.2.3] AndroidManifest.xml:34:9-37:20
77            android:name="com.spotify.sdk.android.auth.LoginActivity"
77-->[com.spotify.android:auth:1.2.3] AndroidManifest.xml:35:13-70
78            android:theme="@android:style/Theme.Translucent.NoTitleBar" >
78-->[com.spotify.android:auth:1.2.3] AndroidManifest.xml:36:13-72
79        </activity>
80
81        <provider
81-->[androidx.emoji2:emoji2:1.2.0] AndroidManifest.xml:24:9-32:20
82            android:name="androidx.startup.InitializationProvider"
82-->[androidx.emoji2:emoji2:1.2.0] AndroidManifest.xml:25:13-67
83            android:authorities="com.example.jukeapp.androidx-startup"
83-->[androidx.emoji2:emoji2:1.2.0] AndroidManifest.xml:26:13-68
84            android:exported="false" >
84-->[androidx.emoji2:emoji2:1.2.0] AndroidManifest.xml:27:13-37
85            <meta-data
85-->[androidx.emoji2:emoji2:1.2.0] AndroidManifest.xml:29:13-31:52
86                android:name="androidx.emoji2.text.EmojiCompatInitializer"
86-->[androidx.emoji2:emoji2:1.2.0] AndroidManifest.xml:30:17-75
87                android:value="androidx.startup" />
87-->[androidx.emoji2:emoji2:1.2.0] AndroidManifest.xml:31:17-49
88            <meta-data
88-->[androidx.lifecycle:lifecycle-process:2.4.1] AndroidManifest.xml:31:13-33:52
89                android:name="androidx.lifecycle.ProcessLifecycleInitializer"
89-->[androidx.lifecycle:lifecycle-process:2.4.1] AndroidManifest.xml:32:17-78
90                android:value="androidx.startup" />
90-->[androidx.lifecycle:lifecycle-process:2.4.1] AndroidManifest.xml:33:17-49
91            <meta-data
91-->[androidx.profileinstaller:profileinstaller:1.0.1] AndroidManifest.xml:31:13-33:52
92                android:name="androidx.profileinstaller.ProfileInstallerInitializer"
92-->[androidx.profileinstaller:profileinstaller:1.0.1] AndroidManifest.xml:32:17-85
93                android:value="androidx.startup" />
93-->[androidx.profileinstaller:profileinstaller:1.0.1] AndroidManifest.xml:33:17-49
94        </provider>
95
96        <uses-library
96-->[androidx.window:window:1.0.0] AndroidManifest.xml:25:9-27:40
97            android:name="androidx.window.extensions"
97-->[androidx.window:window:1.0.0] AndroidManifest.xml:26:13-54
98            android:required="false" />
98-->[androidx.window:window:1.0.0] AndroidManifest.xml:27:13-37
99        <uses-library
99-->[androidx.window:window:1.0.0] AndroidManifest.xml:28:9-30:40
100            android:name="androidx.window.sidecar"
100-->[androidx.window:window:1.0.0] AndroidManifest.xml:29:13-51
101            android:required="false" />
101-->[androidx.window:window:1.0.0] AndroidManifest.xml:30:13-37
102
103        <receiver
103-->[androidx.profileinstaller:profileinstaller:1.0.1] AndroidManifest.xml:36:9-45:20
104            android:name="androidx.profileinstaller.ProfileInstallReceiver"
104-->[androidx.profileinstaller:profileinstaller:1.0.1] AndroidManifest.xml:37:13-76
105            android:directBootAware="false"
105-->[androidx.profileinstaller:profileinstaller:1.0.1] AndroidManifest.xml:38:13-44
106            android:enabled="true"
106-->[androidx.profileinstaller:profileinstaller:1.0.1] AndroidManifest.xml:39:13-35
107            android:exported="true"
107-->[androidx.profileinstaller:profileinstaller:1.0.1] AndroidManifest.xml:40:13-36
108            android:permission="android.permission.DUMP" >
108-->[androidx.profileinstaller:profileinstaller:1.0.1] AndroidManifest.xml:41:13-57
109            <intent-filter>
109-->[androidx.profileinstaller:profileinstaller:1.0.1] AndroidManifest.xml:42:13-44:29
110                <action android:name="androidx.profileinstaller.action.INSTALL_PROFILE" />
110-->[androidx.profileinstaller:profileinstaller:1.0.1] AndroidManifest.xml:43:17-91
110-->[androidx.profileinstaller:profileinstaller:1.0.1] AndroidManifest.xml:43:25-88
111            </intent-filter>
112        </receiver> <!-- The activities will be merged into the manifest of the hosting app. -->
113        <activity
113-->[com.google.android.play:core:1.10.3] AndroidManifest.xml:18:9-24:45
114            android:name="com.google.android.play.core.missingsplits.PlayCoreMissingSplitsActivity"
114-->[com.google.android.play:core:1.10.3] AndroidManifest.xml:19:13-100
115            android:enabled="false"
115-->[com.google.android.play:core:1.10.3] AndroidManifest.xml:20:13-36
116            android:exported="false"
116-->[com.google.android.play:core:1.10.3] AndroidManifest.xml:21:13-37
117            android:launchMode="singleInstance"
117-->[com.google.android.play:core:1.10.3] AndroidManifest.xml:22:13-48
118            android:process=":playcore_missing_splits_activity"
118-->[com.google.android.play:core:1.10.3] AndroidManifest.xml:23:13-64
119            android:stateNotNeeded="true" />
119-->[com.google.android.play:core:1.10.3] AndroidManifest.xml:24:13-42
120        <activity
120-->[com.google.android.play:core:1.10.3] AndroidManifest.xml:25:9-29:65
121            android:name="com.google.android.play.core.common.PlayCoreDialogWrapperActivity"
121-->[com.google.android.play:core:1.10.3] AndroidManifest.xml:26:13-93
122            android:exported="false"
122-->[com.google.android.play:core:1.10.3] AndroidManifest.xml:27:13-37
123            android:stateNotNeeded="true"
123-->[com.google.android.play:core:1.10.3] AndroidManifest.xml:28:13-42
124            android:theme="@style/Theme.PlayCore.Transparent" /> <!-- The services will be merged into the manifest of the hosting app. -->
124-->[com.google.android.play:core:1.10.3] AndroidManifest.xml:29:13-62
125        <service
125-->[com.google.android.play:core:1.10.3] AndroidManifest.xml:32:9-39:19
126            android:name="com.google.android.play.core.assetpacks.AssetPackExtractionService"
126-->[com.google.android.play:core:1.10.3] AndroidManifest.xml:33:13-94
127            android:enabled="false"
127-->[com.google.android.play:core:1.10.3] AndroidManifest.xml:34:13-36
128            android:exported="true" >
128-->[com.google.android.play:core:1.10.3] AndroidManifest.xml:35:13-36
129            <meta-data
129-->[com.google.android.play:core:1.10.3] AndroidManifest.xml:36:13-38:41
130                android:name="com.google.android.play.core.assetpacks.versionCode"
130-->[com.google.android.play:core:1.10.3] AndroidManifest.xml:37:17-83
131                android:value="11003" />
131-->[com.google.android.play:core:1.10.3] AndroidManifest.xml:38:17-38
132        </service>
133        <service
133-->[com.google.android.play:core:1.10.3] AndroidManifest.xml:40:9-43:40
134            android:name="com.google.android.play.core.assetpacks.ExtractionForegroundService"
134-->[com.google.android.play:core:1.10.3] AndroidManifest.xml:41:13-95
135            android:enabled="false"
135-->[com.google.android.play:core:1.10.3] AndroidManifest.xml:42:13-36
136            android:exported="false" />
136-->[com.google.android.play:core:1.10.3] AndroidManifest.xml:43:13-37
137    </application>
138
139</manifest>